2021-06-14 17:11:18,619 - movie_logger - INFO - 가상 브라우저 실행...
2021-06-14 17:11:21,368 - movie_logger - INFO - 1 페이지 이동...
2021-06-14 17:11:22,009 - movie_logger - INFO - 1위  영화 클릭...
2021-06-14 17:11:23,141 - movie_logger - INFO - 다음 페이지 클릭...
2021-06-14 17:11:23,797 - movie_logger - INFO - 다음 페이지 클릭...
2021-06-14 17:11:24,465 - movie_logger - INFO - 다음 페이지 클릭...
2021-06-14 17:11:25,144 - movie_logger - INFO - 다음 페이지 클릭...
2021-06-14 17:11:25,837 - movie_logger - INFO - 다음 페이지 클릭...
2021-06-14 17:11:26,541 - movie_logger - INFO - 다음 페이지 클릭...
2021-06-14 17:11:27,273 - movie_logger - INFO - 다음 페이지 클릭...
2021-06-14 17:11:27,998 - movie_logger - INFO - 다음 페이지 클릭...
2021-06-14 17:11:28,761 - movie_logger - INFO - 다음 페이지 클릭...
2021-06-14 17:11:29,525 - movie_logger - INFO - 다음 페이지 클릭...
2021-06-14 17:11:30,395 - movie_logger - INFO - 다음 페이지 클릭...
2021-06-14 17:11:31,199 - movie_logger - INFO - 다음 페이지 클릭...
2021-06-14 17:11:32,029 - movie_logger - INFO - 다음 페이지 클릭...
2021-06-14 17:11:32,899 - movie_logger - INFO - 다음 페이지 클릭...
2021-06-14 17:11:33,795 - movie_logger - INFO - 다음 페이지 클릭...
2021-06-14 17:11:34,707 - movie_logger - INFO - 다음 페이지 클릭...
2021-06-14 17:11:35,627 - movie_logger - INFO - 다음 페이지 클릭...
2021-06-14 17:11:36,555 - movie_logger - INFO - 다음 페이지 클릭...
2021-06-14 17:11:37,487 - movie_logger - INFO - 다음 페이지 클릭...
2021-06-14 17:11:38,437 - movie_logger - INFO - 다음 페이지 클릭...
2021-06-14 17:11:39,392 - movie_logger - INFO - 다음 페이지 클릭...
2021-06-14 17:11:40,461 - movie_logger - INFO - 다음 페이지 클릭...
2021-06-14 17:11:41,474 - movie_logger - INFO - 다음 페이지 클릭...
2021-06-14 17:11:42,535 - movie_logger - INFO - 다음 페이지 클릭...
2021-06-14 17:11:43,497 - movie_logger - INFO - 다음 페이지 클릭...
2021-06-14 17:11:44,480 - movie_logger - INFO - 다음 페이지 클릭...
2021-06-14 17:11:45,470 - movie_logger - INFO - 다음 페이지 클릭...
2021-06-14 17:11:46,831 - movie_logger - INFO - 다음 페이지 클릭...
2021-06-14 17:11:47,914 - movie_logger - INFO - 다음 페이지 클릭...
2021-06-14 17:11:49,023 - movie_logger - INFO - 다음 페이지 클릭...
2021-06-14 17:11:50,228 - movie_logger - INFO - 다음 페이지 클릭...
2021-06-14 17:11:51,311 - movie_logger - INFO - 다음 페이지 클릭...
2021-06-14 17:11:52,366 - movie_logger - INFO - 다음 페이지 클릭...
2021-06-14 17:11:53,499 - movie_logger - INFO - 다음 페이지 클릭...
2021-06-14 17:11:54,708 - movie_logger - INFO - 다음 페이지 클릭...
2021-06-14 17:11:55,919 - movie_logger - INFO - 다음 페이지 클릭...
2021-06-14 17:11:56,955 - movie_logger - INFO - 다음 페이지 클릭...
2021-06-14 17:11:57,955 - movie_logger - INFO - 다음 페이지 클릭...
2021-06-14 17:11:58,976 - movie_logger - INFO - 다음 페이지 클릭...
2021-06-14 17:11:59,992 - movie_logger - INFO - 다음 페이지 클릭...
2021-06-14 17:12:01,129 - movie_logger - INFO - 다음 페이지 클릭...
2021-06-14 17:12:02,205 - movie_logger - INFO - 다음 페이지 클릭...
2021-06-14 17:12:03,346 - movie_logger - INFO - 다음 페이지 클릭...
2021-06-14 17:12:04,408 - movie_logger - INFO - 다음 페이지 클릭...
2021-06-14 17:12:05,423 - movie_logger - INFO - 다음 페이지 클릭...
2021-06-14 17:12:06,487 - movie_logger - INFO - 다음 페이지 클릭...
2021-06-14 17:12:07,600 - movie_logger - INFO - 다음 페이지 클릭...
2021-06-14 17:12:08,706 - movie_logger - INFO - 다음 페이지 클릭...
2021-06-14 17:12:09,880 - movie_logger - INFO - 다음 페이지 클릭...
2021-06-14 17:12:11,044 - movie_logger - INFO - 다음 페이지 클릭...
2021-06-14 17:12:12,223 - movie_logger - INFO - 다음 페이지 클릭...
2021-06-14 17:12:13,524 - movie_logger - INFO - 다음 페이지 클릭...
2021-06-14 17:12:14,688 - movie_logger - INFO - 다음 페이지 클릭...
2021-06-14 17:12:15,897 - movie_logger - INFO - 다음 페이지 클릭...
2021-06-14 17:12:17,141 - movie_logger - INFO - 다음 페이지 클릭...
2021-06-14 17:12:18,329 - movie_logger - INFO - 다음 페이지 클릭...
2021-06-14 17:12:19,558 - movie_logger - INFO - 다음 페이지 클릭...
2021-06-14 17:12:20,890 - movie_logger - INFO - 다음 페이지 클릭...
2021-06-14 17:12:22,273 - movie_logger - INFO - 다음 페이지 클릭...
2021-06-14 17:12:23,701 - movie_logger - INFO - 다음 페이지 클릭...
2021-06-14 17:12:25,115 - movie_logger - INFO - 다음 페이지 클릭...
2021-06-14 17:12:26,487 - movie_logger - INFO - 다음 페이지 클릭...
2021-06-14 17:12:27,805 - movie_logger - INFO - 다음 페이지 클릭...
2021-06-14 17:12:29,127 - movie_logger - INFO - 다음 페이지 클릭...
2021-06-14 17:12:30,486 - movie_logger - INFO - 다음 페이지 클릭...
2021-06-14 17:12:31,791 - movie_logger - INFO - 다음 페이지 클릭...
2021-06-14 17:12:33,157 - movie_logger - INFO - 다음 페이지 클릭...
2021-06-14 17:12:34,560 - movie_logger - INFO - 다음 페이지 클릭...
2021-06-14 17:12:35,961 - movie_logger - INFO - 다음 페이지 클릭...
2021-06-14 17:12:37,391 - movie_logger - INFO - 다음 페이지 클릭...
2021-06-14 17:12:38,835 - movie_logger - INFO - 다음 페이지 클릭...
2021-06-14 17:12:40,545 - movie_logger - INFO - 다음 페이지 클릭...
2021-06-14 17:12:42,066 - movie_logger - INFO - 다음 페이지 클릭...
2021-06-14 17:12:43,497 - movie_logger - INFO - 다음 페이지 클릭...
2021-06-14 17:12:45,024 - movie_logger - INFO - 다음 페이지 클릭...
2021-06-14 17:12:46,532 - movie_logger - INFO - 다음 페이지 클릭...
2021-06-14 17:12:48,025 - movie_logger - INFO - 다음 페이지 클릭...
2021-06-14 17:12:49,492 - movie_logger - INFO - 다음 페이지 클릭...
2021-06-14 17:12:51,018 - movie_logger - INFO - 다음 페이지 클릭...
2021-06-14 17:12:52,854 - movie_logger - INFO - 다음 페이지 클릭...
2021-06-14 17:12:54,433 - movie_logger - INFO - 다음 페이지 클릭...
2021-06-14 17:12:56,006 - movie_logger - INFO - 다음 페이지 클릭...
2021-06-14 17:12:57,719 - movie_logger - INFO - 다음 페이지 클릭...
2021-06-14 17:12:59,281 - movie_logger - INFO - 다음 페이지 클릭...
2021-06-14 17:13:00,915 - movie_logger - INFO - 다음 페이지 클릭...
2021-06-14 17:13:02,533 - movie_logger - INFO - 다음 페이지 클릭...
2021-06-14 17:13:04,057 - movie_logger - INFO - 다음 페이지 클릭...
2021-06-14 17:16:49,919 - movie_logger - INFO - 가상 브라우저 실행...
2021-06-14 17:16:50,392 - movie_logger - INFO - 1 페이지 이동...
2021-06-14 17:16:51,296 - movie_logger - INFO - 1위  영화 클릭...
2021-06-14 17:16:52,475 - movie_logger - INFO - 다음 페이지 클릭...
2021-06-14 17:16:53,171 - movie_logger - INFO - 다음 페이지 클릭...
2021-06-14 17:16:53,835 - movie_logger - INFO - 다음 페이지 클릭...
2021-06-14 17:16:54,533 - movie_logger - INFO - 다음 페이지 클릭...
2021-06-14 17:16:55,932 - movie_logger - INFO - 다음 페이지 클릭...
2021-06-14 17:16:56,687 - movie_logger - INFO - 다음 페이지 클릭...
2021-06-14 17:16:57,445 - movie_logger - INFO - 다음 페이지 클릭...
2021-06-14 17:16:58,175 - movie_logger - INFO - 다음 페이지 클릭...
2021-06-14 17:16:58,943 - movie_logger - INFO - 다음 페이지 클릭...
2021-06-14 17:16:59,964 - movie_logger - INFO - 다음 페이지 클릭...
2021-06-14 17:17:00,766 - movie_logger - INFO - 다음 페이지 클릭...
2021-06-14 17:17:01,590 - movie_logger - INFO - 다음 페이지 클릭...
2021-06-14 17:17:02,429 - movie_logger - INFO - 다음 페이지 클릭...
2021-06-14 17:17:03,330 - movie_logger - INFO - 다음 페이지 클릭...
2021-06-14 17:17:04,190 - movie_logger - INFO - 다음 페이지 클릭...
2021-06-14 17:17:05,102 - movie_logger - INFO - 다음 페이지 클릭...
2021-06-14 17:17:06,010 - movie_logger - INFO - 다음 페이지 클릭...
2021-06-14 17:17:06,932 - movie_logger - INFO - 다음 페이지 클릭...
2021-06-14 17:17:07,917 - movie_logger - INFO - 다음 페이지 클릭...
2021-06-14 17:17:08,933 - movie_logger - INFO - 다음 페이지 클릭...
2021-06-14 17:17:17,421 - movie_logger - INFO - 가상 브라우저 실행...
2021-06-14 17:17:17,889 - movie_logger - INFO - 1 페이지 이동...
2021-06-14 17:17:18,813 - movie_logger - INFO - 1위  영화 클릭...
2021-06-14 17:17:19,948 - movie_logger - INFO - 다음 페이지 클릭...
2021-06-14 17:17:20,620 - movie_logger - INFO - 다음 페이지 클릭...
2021-06-14 17:17:21,267 - movie_logger - INFO - 다음 페이지 클릭...
2021-06-14 17:17:21,934 - movie_logger - INFO - 다음 페이지 클릭...
2021-06-14 17:17:22,601 - movie_logger - INFO - 다음 페이지 클릭...
2021-06-14 17:17:23,340 - movie_logger - INFO - 다음 페이지 클릭...
2021-06-14 17:17:24,078 - movie_logger - INFO - 다음 페이지 클릭...
2021-06-14 17:17:24,814 - movie_logger - INFO - 다음 페이지 클릭...
2021-06-14 17:17:25,561 - movie_logger - INFO - 다음 페이지 클릭...
2021-06-14 17:18:21,158 - movie_logger - INFO - 가상 브라우저 실행...
2021-06-14 17:18:21,605 - movie_logger - INFO - 1 페이지 이동...
2021-06-14 17:18:22,367 - movie_logger - INFO - 1위  영화 클릭...
2021-06-14 17:18:23,709 - movie_logger - INFO - 다음 페이지 클릭...
2021-06-14 17:18:24,347 - movie_logger - INFO - 다음 페이지 클릭...
2021-06-14 17:18:24,980 - movie_logger - INFO - 다음 페이지 클릭...
2021-06-14 17:18:25,643 - movie_logger - INFO - 다음 페이지 클릭...
2021-06-14 17:18:26,306 - movie_logger - INFO - 다음 페이지 클릭...
2021-06-14 17:18:27,031 - movie_logger - INFO - 다음 페이지 클릭...
2021-06-14 17:18:27,758 - movie_logger - INFO - 다음 페이지 클릭...
2021-06-14 17:18:28,488 - movie_logger - INFO - 다음 페이지 클릭...
2021-06-14 17:18:29,237 - movie_logger - INFO - 다음 페이지 클릭...
2021-06-14 17:18:29,990 - movie_logger - INFO - 다음 페이지 클릭...
2021-06-14 17:18:30,796 - movie_logger - INFO - 다음 페이지 클릭...
2021-06-14 17:18:31,613 - movie_logger - INFO - 다음 페이지 클릭...
2021-06-14 17:18:32,453 - movie_logger - INFO - 다음 페이지 클릭...
2021-06-14 17:18:33,339 - movie_logger - INFO - 다음 페이지 클릭...
2021-06-14 17:18:34,231 - movie_logger - INFO - 다음 페이지 클릭...
2021-06-14 17:18:35,190 - movie_logger - INFO - 다음 페이지 클릭...
2021-06-14 17:18:36,125 - movie_logger - INFO - 다음 페이지 클릭...
2021-06-14 17:18:37,106 - movie_logger - INFO - 다음 페이지 클릭...
2021-06-14 17:18:38,050 - movie_logger - INFO - 다음 페이지 클릭...
2021-06-14 17:18:39,028 - movie_logger - INFO - 다음 페이지 클릭...
2021-06-14 17:18:40,028 - movie_logger - INFO - 다음 페이지 클릭...
2021-06-14 17:18:41,099 - movie_logger - INFO - 다음 페이지 클릭...
2021-06-14 17:18:42,163 - movie_logger - INFO - 다음 페이지 클릭...
2021-06-14 17:18:43,245 - movie_logger - INFO - 다음 페이지 클릭...
2021-06-14 17:18:44,367 - movie_logger - INFO - 다음 페이지 클릭...
2021-06-14 17:18:45,479 - movie_logger - INFO - 다음 페이지 클릭...
2021-06-14 17:18:46,611 - movie_logger - INFO - 다음 페이지 클릭...
2021-06-14 17:18:47,838 - movie_logger - INFO - 다음 페이지 클릭...
2021-06-14 17:18:49,066 - movie_logger - INFO - 다음 페이지 클릭...
2021-06-14 17:18:50,249 - movie_logger - INFO - 다음 페이지 클릭...
2021-06-14 17:18:51,409 - movie_logger - INFO - 다음 페이지 클릭...
2021-06-14 17:18:52,549 - movie_logger - INFO - 다음 페이지 클릭...
2021-06-14 17:18:53,750 - movie_logger - INFO - 다음 페이지 클릭...
2021-06-14 17:18:54,994 - movie_logger - INFO - 다음 페이지 클릭...
2021-06-14 17:18:56,284 - movie_logger - INFO - 다음 페이지 클릭...
2021-06-14 17:18:57,522 - movie_logger - INFO - 다음 페이지 클릭...
2021-06-14 17:18:58,914 - movie_logger - INFO - 다음 페이지 클릭...
2021-06-14 17:19:00,264 - movie_logger - INFO - 다음 페이지 클릭...
2021-06-14 17:19:01,567 - movie_logger - INFO - 다음 페이지 클릭...
2021-06-14 17:19:02,812 - movie_logger - INFO - 다음 페이지 클릭...
2021-06-14 17:19:04,041 - movie_logger - INFO - 다음 페이지 클릭...
2021-06-14 17:19:05,359 - movie_logger - INFO - 다음 페이지 클릭...
2021-06-14 17:19:06,726 - movie_logger - INFO - 다음 페이지 클릭...
2021-06-14 17:19:08,075 - movie_logger - INFO - 다음 페이지 클릭...
2021-06-14 17:19:09,393 - movie_logger - INFO - 다음 페이지 클릭...
2021-06-14 17:19:10,891 - movie_logger - INFO - 다음 페이지 클릭...
2021-06-14 17:19:12,177 - movie_logger - INFO - 다음 페이지 클릭...
2021-06-14 17:19:13,404 - movie_logger - INFO - 다음 페이지 클릭...
2021-06-14 17:19:14,707 - movie_logger - INFO - 다음 페이지 클릭...
2021-06-14 17:19:16,056 - movie_logger - INFO - 다음 페이지 클릭...
2021-06-14 17:19:17,430 - movie_logger - INFO - 다음 페이지 클릭...
2021-06-14 17:19:18,775 - movie_logger - INFO - 다음 페이지 클릭...
2021-06-14 17:19:19,808 - movie_logger - INFO - 다음 페이지 클릭...
2021-06-14 17:19:20,858 - movie_logger - INFO - 다음 페이지 클릭...
2021-06-14 17:19:21,921 - movie_logger - INFO - 다음 페이지 클릭...
2021-06-14 17:19:22,991 - movie_logger - INFO - 다음 페이지 클릭...
2021-06-14 17:19:24,071 - movie_logger - INFO - 다음 페이지 클릭...
2021-06-14 17:19:25,192 - movie_logger - INFO - 다음 페이지 클릭...
2021-06-14 17:19:26,291 - movie_logger - INFO - 다음 페이지 클릭...
2021-06-14 17:19:27,398 - movie_logger - INFO - 다음 페이지 클릭...
2021-06-14 17:19:28,530 - movie_logger - INFO - 다음 페이지 클릭...
2021-06-14 17:19:29,677 - movie_logger - INFO - 다음 페이지 클릭...
2021-06-14 17:19:30,850 - movie_logger - INFO - 다음 페이지 클릭...
2021-06-14 17:19:32,048 - movie_logger - INFO - 다음 페이지 클릭...
2021-06-14 17:19:33,210 - movie_logger - INFO - 다음 페이지 클릭...
2021-06-14 17:19:34,340 - movie_logger - INFO - 다음 페이지 클릭...
2021-06-14 17:19:35,470 - movie_logger - INFO - 다음 페이지 클릭...
2021-06-14 17:19:36,619 - movie_logger - INFO - 다음 페이지 클릭...
2021-06-14 17:19:37,833 - movie_logger - INFO - 다음 페이지 클릭...
2021-06-14 17:19:39,041 - movie_logger - INFO - 다음 페이지 클릭...
2021-06-14 17:19:40,251 - movie_logger - INFO - 다음 페이지 클릭...
2021-06-14 17:19:41,490 - movie_logger - INFO - 다음 페이지 클릭...
2021-06-14 17:19:42,705 - movie_logger - INFO - 다음 페이지 클릭...
2021-06-14 17:19:43,989 - movie_logger - INFO - 다음 페이지 클릭...
2021-06-14 17:19:55,338 - movie_logger - INFO - 가상 브라우저 실행...
2021-06-14 17:19:55,802 - movie_logger - INFO - 1 페이지 이동...
2021-06-14 17:20:52,608 - movie_logger - INFO - 가상 브라우저 실행...
2021-06-14 17:20:53,031 - movie_logger - INFO - 1 페이지 이동...
2021-06-14 17:20:53,682 - movie_logger - INFO - 1위  영화 클릭...
2021-06-14 17:20:54,810 - movie_logger - INFO - 다음 페이지 클릭...
2021-06-14 17:20:55,467 - movie_logger - INFO - 다음 페이지 클릭...
2021-06-14 17:20:56,109 - movie_logger - INFO - 다음 페이지 클릭...
2021-06-14 17:20:56,786 - movie_logger - INFO - 다음 페이지 클릭...
2021-06-14 17:20:57,490 - movie_logger - INFO - 다음 페이지 클릭...
2021-06-14 17:20:58,185 - movie_logger - INFO - 다음 페이지 클릭...
2021-06-14 17:20:58,902 - movie_logger - INFO - 다음 페이지 클릭...
2021-06-14 17:20:59,645 - movie_logger - INFO - 다음 페이지 클릭...
2021-06-14 17:21:00,407 - movie_logger - INFO - 다음 페이지 클릭...
2021-06-14 17:21:01,168 - movie_logger - INFO - 다음 페이지 클릭...
2021-06-14 17:21:01,985 - movie_logger - INFO - 다음 페이지 클릭...
2021-06-14 17:21:02,760 - movie_logger - INFO - 다음 페이지 클릭...
2021-06-14 17:21:03,575 - movie_logger - INFO - 다음 페이지 클릭...
2021-06-14 17:21:04,459 - movie_logger - INFO - 다음 페이지 클릭...
2021-06-14 17:21:05,296 - movie_logger - INFO - 다음 페이지 클릭...
2021-06-14 17:21:06,165 - movie_logger - INFO - 다음 페이지 클릭...
2021-06-14 17:21:07,017 - movie_logger - INFO - 다음 페이지 클릭...
2021-06-14 17:21:07,891 - movie_logger - INFO - 다음 페이지 클릭...
2021-06-14 17:21:08,775 - movie_logger - INFO - 다음 페이지 클릭...
2021-06-14 17:21:09,692 - movie_logger - INFO - 다음 페이지 클릭...
2021-06-14 17:21:10,607 - movie_logger - INFO - 다음 페이지 클릭...
2021-06-14 17:21:11,543 - movie_logger - INFO - 다음 페이지 클릭...
2021-06-14 17:21:12,502 - movie_logger - INFO - 다음 페이지 클릭...
2021-06-14 17:21:13,442 - movie_logger - INFO - 다음 페이지 클릭...
2021-06-14 17:21:14,386 - movie_logger - INFO - 다음 페이지 클릭...
2021-06-14 17:21:15,311 - movie_logger - INFO - 다음 페이지 클릭...
2021-06-14 17:21:16,339 - movie_logger - INFO - 다음 페이지 클릭...
2021-06-14 17:21:17,268 - movie_logger - INFO - 다음 페이지 클릭...
2021-06-14 17:21:18,186 - movie_logger - INFO - 다음 페이지 클릭...
2021-06-14 17:21:19,129 - movie_logger - INFO - 다음 페이지 클릭...
2021-06-14 17:21:20,102 - movie_logger - INFO - 다음 페이지 클릭...
2021-06-14 17:21:21,109 - movie_logger - INFO - 다음 페이지 클릭...
2021-06-14 17:21:22,220 - movie_logger - INFO - 다음 페이지 클릭...
2021-06-14 17:21:23,272 - movie_logger - INFO - 다음 페이지 클릭...
2021-06-14 17:21:24,328 - movie_logger - INFO - 다음 페이지 클릭...
2021-06-14 17:21:25,354 - movie_logger - INFO - 다음 페이지 클릭...
2021-06-14 17:21:26,377 - movie_logger - INFO - 다음 페이지 클릭...
2021-06-14 17:21:27,441 - movie_logger - INFO - 다음 페이지 클릭...
2021-06-14 17:21:28,514 - movie_logger - INFO - 다음 페이지 클릭...
2021-06-14 17:21:29,626 - movie_logger - INFO - 다음 페이지 클릭...
2021-06-14 17:21:30,706 - movie_logger - INFO - 다음 페이지 클릭...
2021-06-14 17:21:31,901 - movie_logger - INFO - 다음 페이지 클릭...
2021-06-14 17:21:32,995 - movie_logger - INFO - 다음 페이지 클릭...
2021-06-14 17:21:34,184 - movie_logger - INFO - 다음 페이지 클릭...
2021-06-14 17:21:35,391 - movie_logger - INFO - 다음 페이지 클릭...
2021-06-14 17:21:36,538 - movie_logger - INFO - 다음 페이지 클릭...
2021-06-14 17:21:37,675 - movie_logger - INFO - 다음 페이지 클릭...
2021-06-14 17:21:38,844 - movie_logger - INFO - 다음 페이지 클릭...
2021-06-14 17:21:40,013 - movie_logger - INFO - 다음 페이지 클릭...
2021-06-14 17:21:41,248 - movie_logger - INFO - 다음 페이지 클릭...
2021-06-14 17:21:42,501 - movie_logger - INFO - 다음 페이지 클릭...
2021-06-14 17:21:43,855 - movie_logger - INFO - 다음 페이지 클릭...
2021-06-14 17:21:45,092 - movie_logger - INFO - 다음 페이지 클릭...
2021-06-14 17:21:46,409 - movie_logger - INFO - 다음 페이지 클릭...
2021-06-14 17:21:47,715 - movie_logger - INFO - 다음 페이지 클릭...
2021-06-14 17:21:48,974 - movie_logger - INFO - 다음 페이지 클릭...
2021-06-14 17:21:50,214 - movie_logger - INFO - 다음 페이지 클릭...
2021-06-14 17:21:51,454 - movie_logger - INFO - 다음 페이지 클릭...
2021-06-14 17:21:52,777 - movie_logger - INFO - 다음 페이지 클릭...
2021-06-14 17:21:54,127 - movie_logger - INFO - 다음 페이지 클릭...
2021-06-14 17:21:55,638 - movie_logger - INFO - 다음 페이지 클릭...
2021-06-14 17:21:57,001 - movie_logger - INFO - 다음 페이지 클릭...
2021-06-14 17:21:58,301 - movie_logger - INFO - 다음 페이지 클릭...
2021-06-14 17:21:59,577 - movie_logger - INFO - 다음 페이지 클릭...
2021-06-14 17:22:00,937 - movie_logger - INFO - 다음 페이지 클릭...
2021-06-14 17:22:02,373 - movie_logger - INFO - 다음 페이지 클릭...
2021-06-14 17:22:03,827 - movie_logger - INFO - 다음 페이지 클릭...
2021-06-14 17:22:05,206 - movie_logger - INFO - 다음 페이지 클릭...
2021-06-14 17:22:06,784 - movie_logger - INFO - 다음 페이지 클릭...
2021-06-14 17:22:08,256 - movie_logger - INFO - 다음 페이지 클릭...
2021-06-14 17:22:09,623 - movie_logger - INFO - 다음 페이지 클릭...
2021-06-14 17:22:10,995 - movie_logger - INFO - 다음 페이지 클릭...
2021-06-14 17:22:12,473 - movie_logger - INFO - 다음 페이지 클릭...
2021-06-14 17:22:14,040 - movie_logger - INFO - 다음 페이지 클릭...
2021-06-14 17:22:15,501 - movie_logger - INFO - 다음 페이지 클릭...
2021-06-14 17:22:16,899 - movie_logger - INFO - 다음 페이지 클릭...
2021-06-14 17:22:18,266 - movie_logger - INFO - 다음 페이지 클릭...
2021-06-14 17:22:19,503 - movie_logger - INFO - 다음 페이지 클릭...
2021-06-14 17:22:20,769 - movie_logger - INFO - 다음 페이지 클릭...
2021-06-14 17:22:22,036 - movie_logger - INFO - 다음 페이지 클릭...
2021-06-14 17:22:23,305 - movie_logger - INFO - 다음 페이지 클릭...
2021-06-14 17:22:24,604 - movie_logger - INFO - 다음 페이지 클릭...
2021-06-14 17:22:25,923 - movie_logger - INFO - 다음 페이지 클릭...
2021-06-14 17:22:27,272 - movie_logger - INFO - 다음 페이지 클릭...
2021-06-14 17:22:28,565 - movie_logger - INFO - 다음 페이지 클릭...
2021-06-14 17:22:29,898 - movie_logger - INFO - 다음 페이지 클릭...
2021-06-14 17:22:31,482 - movie_logger - INFO - 다음 페이지 클릭...
2021-06-14 17:22:32,805 - movie_logger - INFO - 다음 페이지 클릭...
2021-06-14 17:22:34,149 - movie_logger - INFO - 다음 페이지 클릭...
2021-06-14 17:22:35,503 - movie_logger - INFO - 다음 페이지 클릭...
2021-06-14 17:22:36,868 - movie_logger - INFO - 다음 페이지 클릭...
2021-06-14 17:22:38,270 - movie_logger - INFO - 다음 페이지 클릭...
2021-06-14 17:22:39,630 - movie_logger - INFO - 다음 페이지 클릭...
2021-06-14 17:22:41,017 - movie_logger - INFO - 다음 페이지 클릭...
2021-06-14 17:22:42,388 - movie_logger - INFO - 다음 페이지 클릭...
2021-06-14 17:22:43,779 - movie_logger - INFO - 다음 페이지 클릭...
2021-06-14 17:22:45,185 - movie_logger - INFO - 다음 페이지 클릭...
2021-06-14 17:22:46,701 - movie_logger - INFO - 다음 페이지 클릭...
2021-06-14 17:22:48,063 - movie_logger - INFO - 다음 페이지 클릭...
2021-06-14 17:22:49,481 - movie_logger - INFO - 다음 페이지 클릭...
2021-06-14 17:22:50,862 - movie_logger - INFO - 다음 페이지 클릭...
2021-06-14 17:22:52,259 - movie_logger - INFO - 다음 페이지 클릭...
2021-06-14 17:22:53,663 - movie_logger - INFO - 다음 페이지 클릭...
2021-06-14 17:22:55,069 - movie_logger - INFO - 다음 페이지 클릭...
2021-06-14 17:22:56,513 - movie_logger - INFO - 다음 페이지 클릭...
2021-06-14 17:22:57,952 - movie_logger - INFO - 다음 페이지 클릭...
2021-06-14 17:22:59,432 - movie_logger - INFO - 다음 페이지 클릭...
2021-06-14 17:23:00,853 - movie_logger - INFO - 다음 페이지 클릭...
2021-06-14 17:23:02,314 - movie_logger - INFO - 다음 페이지 클릭...
2021-06-14 17:23:03,784 - movie_logger - INFO - 다음 페이지 클릭...
2021-06-14 17:23:05,248 - movie_logger - INFO - 다음 페이지 클릭...
2021-06-14 17:23:06,730 - movie_logger - INFO - 다음 페이지 클릭...
2021-06-14 17:23:08,267 - movie_logger - INFO - 다음 페이지 클릭...
2021-06-14 17:23:09,765 - movie_logger - INFO - 다음 페이지 클릭...
2021-06-14 17:23:11,287 - movie_logger - INFO - 다음 페이지 클릭...
2021-06-14 17:23:12,787 - movie_logger - INFO - 다음 페이지 클릭...
2021-06-14 17:23:14,295 - movie_logger - INFO - 다음 페이지 클릭...
2021-06-14 17:23:15,827 - movie_logger - INFO - 다음 페이지 클릭...
2021-06-14 17:23:17,397 - movie_logger - INFO - 다음 페이지 클릭...
2021-06-14 17:23:18,968 - movie_logger - INFO - 다음 페이지 클릭...
2021-06-14 17:23:20,538 - movie_logger - INFO - 다음 페이지 클릭...
2021-06-14 17:23:22,167 - movie_logger - INFO - 다음 페이지 클릭...
2021-06-14 17:23:23,808 - movie_logger - INFO - 다음 페이지 클릭...
2021-06-14 17:23:25,489 - movie_logger - INFO - 다음 페이지 클릭...
2021-06-14 17:23:27,196 - movie_logger - INFO - 다음 페이지 클릭...
2021-06-14 17:23:28,852 - movie_logger - INFO - 다음 페이지 클릭...
2021-06-14 17:23:30,582 - movie_logger - INFO - 다음 페이지 클릭...
2021-06-14 17:23:32,481 - movie_logger - INFO - 다음 페이지 클릭...
2021-06-14 17:23:34,467 - movie_logger - INFO - 다음 페이지 클릭...
2021-06-14 17:23:36,515 - movie_logger - INFO - 다음 페이지 클릭...
2021-06-14 17:23:38,524 - movie_logger - INFO - 다음 페이지 클릭...
2021-06-14 17:23:40,499 - movie_logger - INFO - 다음 페이지 클릭...
2021-06-14 17:23:42,504 - movie_logger - INFO - 다음 페이지 클릭...
2021-06-14 17:23:44,562 - movie_logger - INFO - 다음 페이지 클릭...
2021-06-14 17:23:46,219 - movie_logger - INFO - 다음 페이지 클릭...
2021-06-14 17:23:47,923 - movie_logger - INFO - 다음 페이지 클릭...
2021-06-14 17:23:49,568 - movie_logger - INFO - 다음 페이지 클릭...
2021-06-14 17:23:51,230 - movie_logger - INFO - 다음 페이지 클릭...
2021-06-14 17:23:52,897 - movie_logger - INFO - 다음 페이지 클릭...
2021-06-14 17:23:54,584 - movie_logger - INFO - 다음 페이지 클릭...
2021-06-14 17:23:56,278 - movie_logger - INFO - 다음 페이지 클릭...
2021-06-14 17:23:57,993 - movie_logger - INFO - 다음 페이지 클릭...
2021-06-14 17:23:59,709 - movie_logger - INFO - 다음 페이지 클릭...
2021-06-14 17:24:01,468 - movie_logger - INFO - 다음 페이지 클릭...
2021-06-14 17:24:03,290 - movie_logger - INFO - 다음 페이지 클릭...
2021-06-14 17:24:05,037 - movie_logger - INFO - 다음 페이지 클릭...
2021-06-14 17:24:06,811 - movie_logger - INFO - 다음 페이지 클릭...
2021-06-14 17:24:08,583 - movie_logger - INFO - 다음 페이지 클릭...
2021-06-14 17:24:10,373 - movie_logger - INFO - 다음 페이지 클릭...
2021-06-14 17:24:12,156 - movie_logger - INFO - 다음 페이지 클릭...
2021-06-14 17:24:13,931 - movie_logger - INFO - 다음 페이지 클릭...
2021-06-14 17:24:15,736 - movie_logger - INFO - 다음 페이지 클릭...
2021-06-14 17:24:17,589 - movie_logger - INFO - 다음 페이지 클릭...
2021-06-14 17:24:19,764 - movie_logger - INFO - 다음 페이지 클릭...
2021-06-14 17:24:21,668 - movie_logger - INFO - 다음 페이지 클릭...
2021-06-14 17:24:23,481 - movie_logger - INFO - 다음 페이지 클릭...
2021-06-14 17:24:25,311 - movie_logger - INFO - 다음 페이지 클릭...
2021-06-14 17:24:27,147 - movie_logger - INFO - 다음 페이지 클릭...
2021-06-14 17:24:28,997 - movie_logger - INFO - 다음 페이지 클릭...
2021-06-14 17:24:30,889 - movie_logger - INFO - 다음 페이지 클릭...
2021-06-14 17:24:32,875 - movie_logger - INFO - 다음 페이지 클릭...
2021-06-14 17:24:34,853 - movie_logger - INFO - 다음 페이지 클릭...
2021-06-14 17:24:37,034 - movie_logger - INFO - 다음 페이지 클릭...
2021-06-14 17:24:39,240 - movie_logger - INFO - 다음 페이지 클릭...
2021-06-14 17:24:41,283 - movie_logger - INFO - 다음 페이지 클릭...
2021-06-14 17:24:43,388 - movie_logger - INFO - 다음 페이지 클릭...
2021-06-14 17:24:45,591 - movie_logger - INFO - 다음 페이지 클릭...
2021-06-14 17:24:47,805 - movie_logger - INFO - 다음 페이지 클릭...
2021-06-14 17:24:50,005 - movie_logger - INFO - 다음 페이지 클릭...
2021-06-14 17:24:52,252 - movie_logger - INFO - 다음 페이지 클릭...
2021-06-14 17:24:54,464 - movie_logger - INFO - 다음 페이지 클릭...
2021-06-14 17:24:57,022 - movie_logger - INFO - 다음 페이지 클릭...
2021-06-14 17:24:59,352 - movie_logger - INFO - 다음 페이지 클릭...
2021-06-14 17:25:01,651 - movie_logger - INFO - 다음 페이지 클릭...
2021-06-14 17:25:03,804 - movie_logger - INFO - 다음 페이지 클릭...
2021-06-14 17:25:05,915 - movie_logger - INFO - 다음 페이지 클릭...
2021-06-14 17:25:07,999 - movie_logger - INFO - 다음 페이지 클릭...
2021-06-14 17:25:10,086 - movie_logger - INFO - 다음 페이지 클릭...
2021-06-14 17:25:12,173 - movie_logger - INFO - 다음 페이지 클릭...
2021-06-14 17:25:14,287 - movie_logger - INFO - 다음 페이지 클릭...
2021-06-14 17:25:16,630 - movie_logger - INFO - 다음 페이지 클릭...
2021-06-14 17:25:19,036 - movie_logger - INFO - 다음 페이지 클릭...
2021-06-14 17:25:21,466 - movie_logger - INFO - 다음 페이지 클릭...
2021-06-14 17:25:23,929 - movie_logger - INFO - 다음 페이지 클릭...
2021-06-14 17:25:26,081 - movie_logger - INFO - 다음 페이지 클릭...
2021-06-14 17:25:28,195 - movie_logger - INFO - 다음 페이지 클릭...
2021-06-14 17:25:30,303 - movie_logger - INFO - 다음 페이지 클릭...
2021-06-14 17:25:33,021 - movie_logger - INFO - 다음 페이지 클릭...
2021-06-14 17:25:35,074 - movie_logger - INFO - 다음 페이지 클릭...
2021-06-14 17:25:37,112 - movie_logger - INFO - 다음 페이지 클릭...
2021-06-14 17:25:39,208 - movie_logger - INFO - 다음 페이지 클릭...
2021-06-14 17:25:41,258 - movie_logger - INFO - 다음 페이지 클릭...
2021-06-14 17:25:43,308 - movie_logger - INFO - 다음 페이지 클릭...
2021-06-14 17:25:45,374 - movie_logger - INFO - 다음 페이지 클릭...
2021-06-14 17:25:47,447 - movie_logger - INFO - 다음 페이지 클릭...
2021-06-14 17:25:49,527 - movie_logger - INFO - 다음 페이지 클릭...
2021-06-14 17:25:51,622 - movie_logger - INFO - 다음 페이지 클릭...
2021-06-14 17:25:53,728 - movie_logger - INFO - 다음 페이지 클릭...
2021-06-14 17:25:55,922 - movie_logger - INFO - 다음 페이지 클릭...
2021-06-14 17:25:58,023 - movie_logger - INFO - 다음 페이지 클릭...
2021-06-14 17:26:00,157 - movie_logger - INFO - 다음 페이지 클릭...
2021-06-14 17:26:02,291 - movie_logger - INFO - 다음 페이지 클릭...
2021-06-14 17:26:04,440 - movie_logger - INFO - 다음 페이지 클릭...
2021-06-14 17:26:06,706 - movie_logger - INFO - 다음 페이지 클릭...
2021-06-14 17:26:08,896 - movie_logger - INFO - 다음 페이지 클릭...
2021-06-14 17:26:11,134 - movie_logger - INFO - 다음 페이지 클릭...
2021-06-14 17:26:13,321 - movie_logger - INFO - 다음 페이지 클릭...
2021-06-14 17:26:15,504 - movie_logger - INFO - 다음 페이지 클릭...
2021-06-14 17:26:17,711 - movie_logger - INFO - 다음 페이지 클릭...
2021-06-14 17:26:19,906 - movie_logger - INFO - 다음 페이지 클릭...
2021-06-14 17:26:22,436 - movie_logger - INFO - 다음 페이지 클릭...
2021-06-14 17:26:24,694 - movie_logger - INFO - 다음 페이지 클릭...
2021-06-14 17:26:27,024 - movie_logger - INFO - 다음 페이지 클릭...
2021-06-14 17:26:29,257 - movie_logger - INFO - 다음 페이지 클릭...
2021-06-14 17:26:31,495 - movie_logger - INFO - 다음 페이지 클릭...
2021-06-14 17:26:33,770 - movie_logger - INFO - 다음 페이지 클릭...
2021-06-14 17:26:36,059 - movie_logger - INFO - 다음 페이지 클릭...
2021-06-14 17:26:38,358 - movie_logger - INFO - 다음 페이지 클릭...
2021-06-14 17:26:40,676 - movie_logger - INFO - 다음 페이지 클릭...
2021-06-14 17:26:42,976 - movie_logger - INFO - 다음 페이지 클릭...
2021-06-14 17:26:45,354 - movie_logger - INFO - 다음 페이지 클릭...
2021-06-14 17:26:47,972 - movie_logger - INFO - 다음 페이지 클릭...
2021-06-14 17:26:50,420 - movie_logger - INFO - 다음 페이지 클릭...
2021-06-14 17:26:52,919 - movie_logger - INFO - 다음 페이지 클릭...
2021-06-14 17:26:55,466 - movie_logger - INFO - 다음 페이지 클릭...
2021-06-14 17:26:57,956 - movie_logger - INFO - 다음 페이지 클릭...
2021-06-14 17:27:00,417 - movie_logger - INFO - 다음 페이지 클릭...
2021-06-14 17:27:02,871 - movie_logger - INFO - 다음 페이지 클릭...
2021-06-14 17:27:05,379 - movie_logger - INFO - 다음 페이지 클릭...
2021-06-14 17:27:07,964 - movie_logger - INFO - 다음 페이지 클릭...
2021-06-14 17:27:10,468 - movie_logger - INFO - 다음 페이지 클릭...
2021-06-14 17:27:12,852 - movie_logger - INFO - 다음 페이지 클릭...
2021-06-14 17:27:15,243 - movie_logger - INFO - 다음 페이지 클릭...
2021-06-14 17:27:17,639 - movie_logger - INFO - 다음 페이지 클릭...
2021-06-14 17:27:20,117 - movie_logger - INFO - 다음 페이지 클릭...
2021-06-14 17:27:22,597 - movie_logger - INFO - 다음 페이지 클릭...
2021-06-14 17:27:25,370 - movie_logger - INFO - 다음 페이지 클릭...
2021-06-14 17:27:28,296 - movie_logger - INFO - 다음 페이지 클릭...
2021-06-14 17:27:31,213 - movie_logger - INFO - 다음 페이지 클릭...
2021-06-14 17:27:34,040 - movie_logger - INFO - 다음 페이지 클릭...
2021-06-14 17:27:36,549 - movie_logger - INFO - 다음 페이지 클릭...
2021-06-14 17:27:39,070 - movie_logger - INFO - 다음 페이지 클릭...
2021-06-14 17:27:41,634 - movie_logger - INFO - 다음 페이지 클릭...
2021-06-14 17:27:44,320 - movie_logger - INFO - 다음 페이지 클릭...
2021-06-14 17:27:47,040 - movie_logger - INFO - 다음 페이지 클릭...
2021-06-14 17:27:50,017 - movie_logger - INFO - 다음 페이지 클릭...
2021-06-14 17:27:52,488 - movie_logger - INFO - 다음 페이지 클릭...
2021-06-14 17:27:54,990 - movie_logger - INFO - 다음 페이지 클릭...
2021-06-14 17:27:57,574 - movie_logger - INFO - 다음 페이지 클릭...
2021-06-14 17:28:00,076 - movie_logger - INFO - 다음 페이지 클릭...
2021-06-14 17:28:02,554 - movie_logger - INFO - 다음 페이지 클릭...
2021-06-14 17:28:05,057 - movie_logger - INFO - 다음 페이지 클릭...
2021-06-14 17:28:07,579 - movie_logger - INFO - 다음 페이지 클릭...
2021-06-14 17:28:10,123 - movie_logger - INFO - 다음 페이지 클릭...
2021-06-14 17:28:12,696 - movie_logger - INFO - 다음 페이지 클릭...
2021-06-14 17:28:15,252 - movie_logger - INFO - 다음 페이지 클릭...
2021-06-14 17:28:18,048 - movie_logger - INFO - 다음 페이지 클릭...
2021-06-14 17:28:20,658 - movie_logger - INFO - 다음 페이지 클릭...
2021-06-14 17:28:23,351 - movie_logger - INFO - 다음 페이지 클릭...
2021-06-14 17:28:25,932 - movie_logger - INFO - 다음 페이지 클릭...
2021-06-14 17:28:28,540 - movie_logger - INFO - 다음 페이지 클릭...
2021-06-14 17:28:31,203 - movie_logger - INFO - 다음 페이지 클릭...
2021-06-14 17:28:33,830 - movie_logger - INFO - 다음 페이지 클릭...
2021-06-14 17:28:36,477 - movie_logger - INFO - 다음 페이지 클릭...
2021-06-14 17:28:39,484 - movie_logger - INFO - 다음 페이지 클릭...
2021-06-14 17:28:42,135 - movie_logger - INFO - 다음 페이지 클릭...
2021-06-14 17:28:44,773 - movie_logger - INFO - 다음 페이지 클릭...
2021-06-14 17:28:47,539 - movie_logger - INFO - 다음 페이지 클릭...
2021-06-14 17:28:50,188 - movie_logger - INFO - 다음 페이지 클릭...
2021-06-14 17:28:52,821 - movie_logger - INFO - 다음 페이지 클릭...
2021-06-14 17:28:55,838 - movie_logger - INFO - 다음 페이지 클릭...
2021-06-14 17:28:58,455 - movie_logger - INFO - 다음 페이지 클릭...
2021-06-14 17:29:01,099 - movie_logger - INFO - 다음 페이지 클릭...
2021-06-14 17:29:03,782 - movie_logger - INFO - 다음 페이지 클릭...
2021-06-14 17:29:06,479 - movie_logger - INFO - 다음 페이지 클릭...
2021-06-14 17:29:09,153 - movie_logger - INFO - 다음 페이지 클릭...
2021-06-14 17:29:11,834 - movie_logger - INFO - 다음 페이지 클릭...
2021-06-14 17:29:14,518 - movie_logger - INFO - 다음 페이지 클릭...
2021-06-14 17:29:17,278 - movie_logger - INFO - 다음 페이지 클릭...
2021-06-14 17:29:20,123 - movie_logger - INFO - 다음 페이지 클릭...
2021-06-14 17:29:22,919 - movie_logger - INFO - 다음 페이지 클릭...
2021-06-14 17:29:25,871 - movie_logger - INFO - 다음 페이지 클릭...
2021-06-14 17:29:28,654 - movie_logger - INFO - 다음 페이지 클릭...
2021-06-14 17:29:31,426 - movie_logger - INFO - 다음 페이지 클릭...
2021-06-14 17:29:34,220 - movie_logger - INFO - 다음 페이지 클릭...
2021-06-14 17:29:37,035 - movie_logger - INFO - 다음 페이지 클릭...
2021-06-14 17:29:39,818 - movie_logger - INFO - 다음 페이지 클릭...
2021-06-14 17:29:42,633 - movie_logger - INFO - 다음 페이지 클릭...
2021-06-14 17:29:45,493 - movie_logger - INFO - 다음 페이지 클릭...
2021-06-14 17:29:48,432 - movie_logger - INFO - 다음 페이지 클릭...
2021-06-14 17:29:51,298 - movie_logger - INFO - 다음 페이지 클릭...
2021-06-14 17:29:54,169 - movie_logger - INFO - 다음 페이지 클릭...
2021-06-14 17:29:57,036 - movie_logger - INFO - 다음 페이지 클릭...
2021-06-14 17:29:59,953 - movie_logger - INFO - 다음 페이지 클릭...
2021-06-14 17:30:03,096 - movie_logger - INFO - 다음 페이지 클릭...
2021-06-14 17:30:06,046 - movie_logger - INFO - 다음 페이지 클릭...
2021-06-14 17:30:09,029 - movie_logger - INFO - 다음 페이지 클릭...
2021-06-14 17:30:12,014 - movie_logger - INFO - 다음 페이지 클릭...
2021-06-14 17:30:15,028 - movie_logger - INFO - 다음 페이지 클릭...
2021-06-14 17:30:17,970 - movie_logger - INFO - 다음 페이지 클릭...
2021-06-14 17:30:20,957 - movie_logger - INFO - 다음 페이지 클릭...
2021-06-14 17:30:24,466 - movie_logger - INFO - 다음 페이지 클릭...
2021-06-14 17:30:41,807 - movie_logger - INFO - 가상 브라우저 실행...
2021-06-14 17:30:42,289 - movie_logger - INFO - 1 페이지 이동...
2021-06-14 17:30:43,089 - movie_logger - INFO - 1위 그린 북 영화 클릭...
2021-06-14 17:30:44,509 - movie_logger - INFO - 다음 페이지 클릭...
2021-06-14 17:30:45,165 - movie_logger - INFO - 다음 페이지 클릭...
2021-06-14 17:30:45,808 - movie_logger - INFO - 다음 페이지 클릭...
2021-06-14 17:30:46,490 - movie_logger - INFO - 다음 페이지 클릭...
2021-06-14 17:30:49,818 - movie_logger - INFO - 다음 페이지 클릭...
2021-06-14 17:30:50,535 - movie_logger - INFO - 다음 페이지 클릭...
2021-06-14 17:30:51,244 - movie_logger - INFO - 다음 페이지 클릭...
2021-06-14 17:30:51,960 - movie_logger - INFO - 다음 페이지 클릭...
2021-06-14 17:30:52,717 - movie_logger - INFO - 다음 페이지 클릭...
2021-06-14 17:30:53,498 - movie_logger - INFO - 다음 페이지 클릭...
2021-06-14 17:30:54,264 - movie_logger - INFO - 다음 페이지 클릭...
2021-06-14 17:30:55,024 - movie_logger - INFO - 다음 페이지 클릭...
2021-06-14 17:30:55,814 - movie_logger - INFO - 다음 페이지 클릭...
2021-06-14 17:30:56,675 - movie_logger - INFO - 다음 페이지 클릭...
2021-06-14 17:30:57,494 - movie_logger - INFO - 다음 페이지 클릭...
2021-06-14 17:30:58,346 - movie_logger - INFO - 다음 페이지 클릭...
2021-06-14 17:30:59,199 - movie_logger - INFO - 다음 페이지 클릭...
2021-06-14 17:31:00,108 - movie_logger - INFO - 다음 페이지 클릭...
2021-06-14 17:31:01,002 - movie_logger - INFO - 다음 페이지 클릭...
2021-06-14 17:31:02,250 - movie_logger - INFO - 다음 페이지 클릭...
2021-06-14 17:31:03,167 - movie_logger - INFO - 다음 페이지 클릭...
2021-06-14 17:31:04,161 - movie_logger - INFO - 다음 페이지 클릭...
2021-06-14 17:31:05,155 - movie_logger - INFO - 다음 페이지 클릭...
2021-06-14 17:31:06,163 - movie_logger - INFO - 다음 페이지 클릭...
2021-06-14 17:31:07,207 - movie_logger - INFO - 다음 페이지 클릭...
2021-06-14 17:31:08,252 - movie_logger - INFO - 다음 페이지 클릭...
2021-06-14 17:31:09,275 - movie_logger - INFO - 다음 페이지 클릭...
2021-06-14 17:31:10,338 - movie_logger - INFO - 다음 페이지 클릭...
2021-06-14 17:31:11,501 - movie_logger - INFO - 다음 페이지 클릭...
2021-06-14 17:31:12,559 - movie_logger - INFO - 다음 페이지 클릭...
2021-06-14 17:31:13,595 - movie_logger - INFO - 다음 페이지 클릭...
2021-06-14 17:31:14,651 - movie_logger - INFO - 다음 페이지 클릭...
2021-06-14 17:31:15,789 - movie_logger - INFO - 다음 페이지 클릭...
2021-06-14 17:31:16,881 - movie_logger - INFO - 다음 페이지 클릭...
2021-06-14 17:31:18,018 - movie_logger - INFO - 다음 페이지 클릭...
2021-06-14 17:31:19,213 - movie_logger - INFO - 다음 페이지 클릭...
2021-06-14 17:31:20,348 - movie_logger - INFO - 다음 페이지 클릭...
2021-06-14 17:31:21,443 - movie_logger - INFO - 다음 페이지 클릭...
2021-06-14 17:31:22,554 - movie_logger - INFO - 다음 페이지 클릭...
2021-06-14 17:31:23,830 - movie_logger - INFO - 다음 페이지 클릭...
2021-06-14 17:31:25,131 - movie_logger - INFO - 다음 페이지 클릭...
2021-06-14 17:31:26,353 - movie_logger - INFO - 다음 페이지 클릭...
2021-06-14 17:31:27,497 - movie_logger - INFO - 다음 페이지 클릭...
2021-06-14 17:31:28,832 - movie_logger - INFO - 다음 페이지 클릭...
2021-06-14 17:31:30,029 - movie_logger - INFO - 다음 페이지 클릭...
2021-06-14 17:31:31,229 - movie_logger - INFO - 다음 페이지 클릭...
2021-06-14 17:31:32,508 - movie_logger - INFO - 다음 페이지 클릭...
2021-06-14 17:31:33,787 - movie_logger - INFO - 다음 페이지 클릭...
2021-06-14 17:31:35,007 - movie_logger - INFO - 다음 페이지 클릭...
2021-06-14 17:31:36,206 - movie_logger - INFO - 다음 페이지 클릭...
2021-06-14 17:31:37,468 - movie_logger - INFO - 다음 페이지 클릭...
2021-06-14 17:31:38,542 - movie_logger - INFO - 다음 페이지 클릭...
2021-06-14 17:31:39,609 - movie_logger - INFO - 다음 페이지 클릭...
2021-06-14 17:31:40,693 - movie_logger - INFO - 다음 페이지 클릭...
2021-06-14 17:31:41,799 - movie_logger - INFO - 다음 페이지 클릭...
2021-06-14 17:31:42,925 - movie_logger - INFO - 다음 페이지 클릭...
2021-06-14 17:31:44,138 - movie_logger - INFO - 다음 페이지 클릭...
2021-06-14 17:31:45,472 - movie_logger - INFO - 다음 페이지 클릭...
2021-06-14 17:31:46,709 - movie_logger - INFO - 다음 페이지 클릭...
2021-06-14 17:31:47,896 - movie_logger - INFO - 다음 페이지 클릭...
2021-06-14 17:31:49,077 - movie_logger - INFO - 다음 페이지 클릭...
2021-06-14 17:31:50,240 - movie_logger - INFO - 다음 페이지 클릭...
2021-06-14 17:31:51,428 - movie_logger - INFO - 다음 페이지 클릭...
2021-06-14 17:31:52,662 - movie_logger - INFO - 다음 페이지 클릭...
2021-06-14 17:31:53,955 - movie_logger - INFO - 다음 페이지 클릭...
2021-06-14 17:31:55,466 - movie_logger - INFO - 다음 페이지 클릭...
2021-06-14 17:31:56,787 - movie_logger - INFO - 다음 페이지 클릭...
2021-06-14 17:31:57,959 - movie_logger - INFO - 다음 페이지 클릭...
2021-06-14 17:31:59,180 - movie_logger - INFO - 다음 페이지 클릭...
2021-06-14 17:32:00,391 - movie_logger - INFO - 다음 페이지 클릭...
2021-06-14 17:32:01,625 - movie_logger - INFO - 다음 페이지 클릭...
2021-06-14 17:32:02,845 - movie_logger - INFO - 다음 페이지 클릭...
2021-06-14 17:32:04,230 - movie_logger - INFO - 다음 페이지 클릭...
2021-06-14 17:32:05,697 - movie_logger - INFO - 다음 페이지 클릭...
2021-06-14 17:32:07,076 - movie_logger - INFO - 다음 페이지 클릭...
2021-06-14 17:32:08,339 - movie_logger - INFO - 다음 페이지 클릭...
2021-06-14 17:32:09,608 - movie_logger - INFO - 다음 페이지 클릭...
2021-06-14 17:32:14,255 - movie_logger - INFO - 다음 페이지 클릭...
2021-06-14 17:32:15,548 - movie_logger - INFO - 다음 페이지 클릭...
2021-06-14 17:32:16,874 - movie_logger - INFO - 다음 페이지 클릭...
2021-06-14 17:32:18,313 - movie_logger - INFO - 다음 페이지 클릭...
2021-06-14 17:32:19,626 - movie_logger - INFO - 다음 페이지 클릭...
2021-06-14 17:32:20,929 - movie_logger - INFO - 다음 페이지 클릭...
2021-06-14 17:32:22,220 - movie_logger - INFO - 다음 페이지 클릭...
2021-06-14 17:32:23,510 - movie_logger - INFO - 다음 페이지 클릭...
2021-06-14 17:32:24,813 - movie_logger - INFO - 다음 페이지 클릭...
2021-06-14 17:32:26,149 - movie_logger - INFO - 다음 페이지 클릭...
2021-06-14 17:32:27,430 - movie_logger - INFO - 다음 페이지 클릭...
2021-06-14 17:32:28,761 - movie_logger - INFO - 다음 페이지 클릭...
2021-06-14 17:32:30,103 - movie_logger - INFO - 다음 페이지 클릭...
2021-06-14 17:32:31,406 - movie_logger - INFO - 다음 페이지 클릭...
2021-06-14 17:32:32,730 - movie_logger - INFO - 다음 페이지 클릭...
2021-06-14 17:32:34,079 - movie_logger - INFO - 다음 페이지 클릭...
2021-06-14 17:32:35,488 - movie_logger - INFO - 다음 페이지 클릭...
2021-06-14 17:32:36,836 - movie_logger - INFO - 다음 페이지 클릭...
2021-06-14 17:32:38,203 - movie_logger - INFO - 다음 페이지 클릭...
2021-06-14 17:32:39,790 - movie_logger - INFO - 다음 페이지 클릭...
2021-06-14 17:32:41,209 - movie_logger - INFO - 다음 페이지 클릭...
2021-06-14 17:32:42,655 - movie_logger - INFO - 다음 페이지 클릭...
2021-06-14 17:32:44,098 - movie_logger - INFO - 다음 페이지 클릭...
2021-06-14 17:32:45,586 - movie_logger - INFO - 다음 페이지 클릭...
2021-06-14 17:32:47,160 - movie_logger - INFO - 다음 페이지 클릭...
2021-06-14 17:32:48,747 - movie_logger - INFO - 다음 페이지 클릭...
2021-06-14 17:32:50,198 - movie_logger - INFO - 다음 페이지 클릭...
2021-06-14 17:32:51,700 - movie_logger - INFO - 다음 페이지 클릭...
2021-06-14 17:32:53,162 - movie_logger - INFO - 다음 페이지 클릭...
2021-06-14 17:32:54,616 - movie_logger - INFO - 다음 페이지 클릭...
2021-06-14 17:32:56,205 - movie_logger - INFO - 다음 페이지 클릭...
2021-06-14 17:32:57,923 - movie_logger - INFO - 다음 페이지 클릭...
2021-06-14 17:32:59,676 - movie_logger - INFO - 다음 페이지 클릭...
2021-06-14 17:33:01,404 - movie_logger - INFO - 다음 페이지 클릭...
2021-06-14 17:33:03,236 - movie_logger - INFO - 다음 페이지 클릭...
2021-06-14 17:33:04,865 - movie_logger - INFO - 다음 페이지 클릭...
2021-06-14 17:33:06,384 - movie_logger - INFO - 다음 페이지 클릭...
2021-06-14 17:33:07,946 - movie_logger - INFO - 다음 페이지 클릭...
2021-06-14 17:33:09,535 - movie_logger - INFO - 다음 페이지 클릭...
2021-06-14 17:33:11,386 - movie_logger - INFO - 다음 페이지 클릭...
2021-06-14 17:33:13,244 - movie_logger - INFO - 다음 페이지 클릭...
2021-06-14 17:33:15,047 - movie_logger - INFO - 다음 페이지 클릭...
2021-06-14 17:33:16,850 - movie_logger - INFO - 다음 페이지 클릭...
2021-06-14 17:33:18,914 - movie_logger - INFO - 다음 페이지 클릭...
2021-06-14 17:33:20,652 - movie_logger - INFO - 다음 페이지 클릭...
2021-06-14 17:33:22,288 - movie_logger - INFO - 다음 페이지 클릭...
2021-06-14 17:33:23,921 - movie_logger - INFO - 다음 페이지 클릭...
2021-06-14 17:33:25,596 - movie_logger - INFO - 다음 페이지 클릭...
2021-06-14 17:33:27,269 - movie_logger - INFO - 다음 페이지 클릭...
2021-06-14 17:33:29,020 - movie_logger - INFO - 다음 페이지 클릭...
2021-06-14 17:33:30,903 - movie_logger - INFO - 다음 페이지 클릭...
2021-06-14 17:33:32,875 - movie_logger - INFO - 다음 페이지 클릭...
2021-06-14 17:33:34,838 - movie_logger - INFO - 다음 페이지 클릭...
2021-06-14 17:33:36,456 - movie_logger - INFO - 다음 페이지 클릭...
2021-06-14 17:33:38,077 - movie_logger - INFO - 다음 페이지 클릭...
2021-06-14 17:33:39,743 - movie_logger - INFO - 다음 페이지 클릭...
2021-06-14 17:33:41,412 - movie_logger - INFO - 다음 페이지 클릭...
2021-06-14 17:33:43,091 - movie_logger - INFO - 다음 페이지 클릭...
2021-06-14 17:33:44,799 - movie_logger - INFO - 다음 페이지 클릭...
2021-06-14 17:33:46,526 - movie_logger - INFO - 다음 페이지 클릭...
2021-06-14 17:33:48,397 - movie_logger - INFO - 다음 페이지 클릭...
2021-06-14 17:33:50,337 - movie_logger - INFO - 다음 페이지 클릭...
2021-06-14 17:33:52,302 - movie_logger - INFO - 다음 페이지 클릭...
2021-06-14 17:33:54,453 - movie_logger - INFO - 다음 페이지 클릭...
2021-06-14 17:33:56,562 - movie_logger - INFO - 다음 페이지 클릭...
2021-06-14 17:33:58,499 - movie_logger - INFO - 다음 페이지 클릭...
2021-06-14 17:34:00,414 - movie_logger - INFO - 다음 페이지 클릭...
2021-06-14 17:34:02,354 - movie_logger - INFO - 다음 페이지 클릭...
2021-06-14 17:34:04,341 - movie_logger - INFO - 다음 페이지 클릭...
2021-06-14 17:34:06,373 - movie_logger - INFO - 다음 페이지 클릭...
2021-06-14 17:34:08,452 - movie_logger - INFO - 다음 페이지 클릭...
2021-06-14 17:34:10,458 - movie_logger - INFO - 다음 페이지 클릭...
2021-06-14 17:34:12,464 - movie_logger - INFO - 다음 페이지 클릭...
2021-06-14 17:34:14,425 - movie_logger - INFO - 다음 페이지 클릭...
2021-06-14 17:34:16,236 - movie_logger - INFO - 다음 페이지 클릭...
2021-06-14 17:34:18,102 - movie_logger - INFO - 다음 페이지 클릭...
2021-06-14 17:34:20,000 - movie_logger - INFO - 다음 페이지 클릭...
2021-06-14 17:34:22,109 - movie_logger - INFO - 다음 페이지 클릭...
2021-06-14 17:34:23,909 - movie_logger - INFO - 다음 페이지 클릭...
2021-06-14 17:34:25,710 - movie_logger - INFO - 다음 페이지 클릭...
2021-06-14 17:34:27,603 - movie_logger - INFO - 다음 페이지 클릭...
2021-06-14 17:34:29,638 - movie_logger - INFO - 다음 페이지 클릭...
2021-06-14 17:34:31,447 - movie_logger - INFO - 다음 페이지 클릭...
2021-06-14 17:34:33,253 - movie_logger - INFO - 다음 페이지 클릭...
2021-06-14 17:34:35,057 - movie_logger - INFO - 다음 페이지 클릭...
2021-06-14 17:34:36,897 - movie_logger - INFO - 다음 페이지 클릭...
2021-06-14 17:34:38,742 - movie_logger - INFO - 다음 페이지 클릭...
2021-06-14 17:34:40,682 - movie_logger - INFO - 다음 페이지 클릭...
2021-06-14 17:34:42,538 - movie_logger - INFO - 다음 페이지 클릭...
2021-06-14 17:34:44,401 - movie_logger - INFO - 다음 페이지 클릭...
2021-06-14 17:34:46,262 - movie_logger - INFO - 다음 페이지 클릭...
2021-06-14 17:34:48,120 - movie_logger - INFO - 다음 페이지 클릭...
2021-06-14 17:34:50,007 - movie_logger - INFO - 다음 페이지 클릭...
2021-06-14 17:34:51,907 - movie_logger - INFO - 다음 페이지 클릭...
2021-06-14 17:34:53,824 - movie_logger - INFO - 다음 페이지 클릭...
2021-06-14 17:34:55,736 - movie_logger - INFO - 다음 페이지 클릭...
2021-06-14 17:34:57,671 - movie_logger - INFO - 다음 페이지 클릭...
2021-06-14 17:34:59,675 - movie_logger - INFO - 다음 페이지 클릭...
2021-06-14 17:35:01,609 - movie_logger - INFO - 다음 페이지 클릭...
2021-06-14 17:35:03,585 - movie_logger - INFO - 다음 페이지 클릭...
2021-06-14 17:35:05,559 - movie_logger - INFO - 다음 페이지 클릭...
2021-06-14 17:35:07,534 - movie_logger - INFO - 다음 페이지 클릭...
2021-06-14 17:35:09,527 - movie_logger - INFO - 다음 페이지 클릭...
2021-06-14 17:35:11,523 - movie_logger - INFO - 다음 페이지 클릭...
2021-06-14 17:35:13,531 - movie_logger - INFO - 다음 페이지 클릭...
2021-06-14 17:35:15,559 - movie_logger - INFO - 다음 페이지 클릭...
2021-06-14 17:35:17,588 - movie_logger - INFO - 다음 페이지 클릭...
2021-06-14 17:35:19,680 - movie_logger - INFO - 다음 페이지 클릭...
2021-06-14 17:35:21,707 - movie_logger - INFO - 다음 페이지 클릭...
2021-06-14 17:35:23,749 - movie_logger - INFO - 다음 페이지 클릭...
2021-06-14 17:35:25,807 - movie_logger - INFO - 다음 페이지 클릭...
2021-06-14 17:35:27,888 - movie_logger - INFO - 다음 페이지 클릭...
2021-06-14 17:35:30,001 - movie_logger - INFO - 다음 페이지 클릭...
2021-06-14 17:35:32,156 - movie_logger - INFO - 다음 페이지 클릭...
2021-06-14 17:35:34,464 - movie_logger - INFO - 다음 페이지 클릭...
2021-06-14 17:35:36,821 - movie_logger - INFO - 다음 페이지 클릭...
2021-06-14 17:35:39,242 - movie_logger - INFO - 다음 페이지 클릭...
2021-06-14 17:35:41,704 - movie_logger - INFO - 다음 페이지 클릭...
2021-06-14 17:35:44,168 - movie_logger - INFO - 다음 페이지 클릭...
2021-06-14 17:35:46,653 - movie_logger - INFO - 다음 페이지 클릭...
2021-06-14 17:35:49,067 - movie_logger - INFO - 다음 페이지 클릭...
2021-06-14 17:35:51,911 - movie_logger - INFO - 다음 페이지 클릭...
2021-06-14 17:35:54,011 - movie_logger - INFO - 다음 페이지 클릭...
2021-06-14 17:35:56,119 - movie_logger - INFO - 다음 페이지 클릭...
2021-06-14 17:35:58,267 - movie_logger - INFO - 다음 페이지 클릭...
2021-06-14 17:36:00,382 - movie_logger - INFO - 다음 페이지 클릭...
2021-06-14 17:36:02,504 - movie_logger - INFO - 다음 페이지 클릭...
2021-06-14 17:36:04,645 - movie_logger - INFO - 다음 페이지 클릭...
2021-06-14 17:36:06,787 - movie_logger - INFO - 다음 페이지 클릭...
2021-06-14 17:36:08,922 - movie_logger - INFO - 다음 페이지 클릭...
2021-06-14 17:36:11,072 - movie_logger - INFO - 다음 페이지 클릭...
2021-06-14 17:36:13,232 - movie_logger - INFO - 다음 페이지 클릭...
2021-06-14 17:36:15,403 - movie_logger - INFO - 다음 페이지 클릭...
2021-06-14 17:36:17,642 - movie_logger - INFO - 다음 페이지 클릭...
2021-06-14 17:36:19,834 - movie_logger - INFO - 다음 페이지 클릭...
2021-06-14 17:36:22,034 - movie_logger - INFO - 다음 페이지 클릭...
2021-06-14 17:36:24,233 - movie_logger - INFO - 다음 페이지 클릭...
2021-06-14 17:36:26,436 - movie_logger - INFO - 다음 페이지 클릭...
2021-06-14 17:36:28,667 - movie_logger - INFO - 다음 페이지 클릭...
2021-06-14 17:36:30,902 - movie_logger - INFO - 다음 페이지 클릭...
2021-06-14 17:36:33,154 - movie_logger - INFO - 다음 페이지 클릭...
2021-06-14 17:36:35,421 - movie_logger - INFO - 다음 페이지 클릭...
2021-06-14 17:36:37,683 - movie_logger - INFO - 다음 페이지 클릭...
2021-06-14 17:36:40,084 - movie_logger - INFO - 다음 페이지 클릭...
2021-06-14 17:36:42,369 - movie_logger - INFO - 다음 페이지 클릭...
2021-06-14 17:36:44,670 - movie_logger - INFO - 다음 페이지 클릭...
2021-06-14 17:36:46,987 - movie_logger - INFO - 다음 페이지 클릭...
2021-06-14 17:36:49,305 - movie_logger - INFO - 다음 페이지 클릭...
2021-06-14 17:36:51,656 - movie_logger - INFO - 다음 페이지 클릭...
2021-06-14 17:36:54,006 - movie_logger - INFO - 다음 페이지 클릭...
2021-06-14 17:36:56,389 - movie_logger - INFO - 다음 페이지 클릭...
2021-06-14 17:36:58,799 - movie_logger - INFO - 다음 페이지 클릭...
2021-06-14 17:37:01,314 - movie_logger - INFO - 다음 페이지 클릭...
2021-06-14 17:37:03,851 - movie_logger - INFO - 다음 페이지 클릭...
2021-06-14 17:37:06,204 - movie_logger - INFO - 다음 페이지 클릭...
2021-06-14 17:37:08,566 - movie_logger - INFO - 다음 페이지 클릭...
2021-06-14 17:37:10,998 - movie_logger - INFO - 다음 페이지 클릭...
2021-06-14 17:37:13,729 - movie_logger - INFO - 다음 페이지 클릭...
2021-06-14 17:37:16,113 - movie_logger - INFO - 다음 페이지 클릭...
2021-06-14 17:37:18,497 - movie_logger - INFO - 다음 페이지 클릭...
2021-06-14 17:37:20,953 - movie_logger - INFO - 다음 페이지 클릭...
2021-06-14 17:37:23,345 - movie_logger - INFO - 다음 페이지 클릭...
2021-06-14 17:37:25,724 - movie_logger - INFO - 다음 페이지 클릭...
2021-06-14 17:37:28,119 - movie_logger - INFO - 다음 페이지 클릭...
2021-06-14 17:37:30,529 - movie_logger - INFO - 다음 페이지 클릭...
2021-06-14 17:37:32,947 - movie_logger - INFO - 다음 페이지 클릭...
2021-06-14 17:37:35,602 - movie_logger - INFO - 다음 페이지 클릭...
2021-06-14 17:37:38,048 - movie_logger - INFO - 다음 페이지 클릭...
2021-06-14 17:37:40,571 - movie_logger - INFO - 다음 페이지 클릭...
2021-06-14 17:37:43,028 - movie_logger - INFO - 다음 페이지 클릭...
2021-06-14 17:37:45,484 - movie_logger - INFO - 다음 페이지 클릭...
2021-06-14 17:37:47,950 - movie_logger - INFO - 다음 페이지 클릭...
2021-06-14 17:37:50,457 - movie_logger - INFO - 다음 페이지 클릭...
2021-06-14 17:37:52,929 - movie_logger - INFO - 다음 페이지 클릭...
2021-06-14 17:37:55,432 - movie_logger - INFO - 다음 페이지 클릭...
2021-06-14 17:37:58,003 - movie_logger - INFO - 다음 페이지 클릭...
2021-06-14 17:38:00,646 - movie_logger - INFO - 다음 페이지 클릭...
2021-06-14 17:38:03,223 - movie_logger - INFO - 다음 페이지 클릭...
2021-06-14 17:38:05,750 - movie_logger - INFO - 다음 페이지 클릭...
2021-06-14 17:38:08,281 - movie_logger - INFO - 다음 페이지 클릭...
2021-06-14 17:38:10,835 - movie_logger - INFO - 다음 페이지 클릭...
2021-06-14 17:38:13,403 - movie_logger - INFO - 다음 페이지 클릭...
2021-06-14 17:38:15,986 - movie_logger - INFO - 다음 페이지 클릭...
2021-06-14 17:38:18,584 - movie_logger - INFO - 다음 페이지 클릭...
2021-06-14 17:38:21,260 - movie_logger - INFO - 다음 페이지 클릭...
2021-06-14 17:38:24,039 - movie_logger - INFO - 다음 페이지 클릭...
2021-06-14 17:38:26,636 - movie_logger - INFO - 다음 페이지 클릭...
2021-06-14 17:38:29,260 - movie_logger - INFO - 다음 페이지 클릭...
2021-06-14 17:38:31,880 - movie_logger - INFO - 다음 페이지 클릭...
2021-06-14 17:38:34,525 - movie_logger - INFO - 다음 페이지 클릭...
2021-06-14 17:38:37,347 - movie_logger - INFO - 다음 페이지 클릭...
2021-06-14 17:38:40,273 - movie_logger - INFO - 다음 페이지 클릭...
2021-06-14 17:38:43,186 - movie_logger - INFO - 다음 페이지 클릭...
2021-06-14 17:38:46,059 - movie_logger - INFO - 다음 페이지 클릭...
2021-06-14 17:38:48,999 - movie_logger - INFO - 다음 페이지 클릭...
2021-06-14 17:38:52,179 - movie_logger - INFO - 다음 페이지 클릭...
2021-06-14 17:38:55,186 - movie_logger - INFO - 다음 페이지 클릭...
2021-06-14 17:38:58,210 - movie_logger - INFO - 다음 페이지 클릭...
2021-06-14 17:39:02,016 - movie_logger - INFO - 다음 페이지 클릭...
2021-06-14 17:39:04,637 - movie_logger - INFO - 다음 페이지 클릭...
2021-06-14 17:39:07,351 - movie_logger - INFO - 다음 페이지 클릭...
2021-06-14 17:39:10,020 - movie_logger - INFO - 다음 페이지 클릭...
2021-06-14 17:39:12,707 - movie_logger - INFO - 다음 페이지 클릭...
2021-06-14 17:39:15,363 - movie_logger - INFO - 다음 페이지 클릭...
2021-06-14 17:39:18,024 - movie_logger - INFO - 다음 페이지 클릭...
2021-06-14 17:39:20,725 - movie_logger - INFO - 다음 페이지 클릭...
2021-06-14 17:39:23,502 - movie_logger - INFO - 다음 페이지 클릭...
2021-06-14 17:39:26,224 - movie_logger - INFO - 다음 페이지 클릭...
2021-06-14 17:39:29,231 - movie_logger - INFO - 다음 페이지 클릭...
2021-06-14 17:39:31,963 - movie_logger - INFO - 다음 페이지 클릭...
2021-06-14 17:39:34,720 - movie_logger - INFO - 다음 페이지 클릭...
2021-06-14 17:39:37,478 - movie_logger - INFO - 다음 페이지 클릭...
2021-06-14 17:39:40,241 - movie_logger - INFO - 다음 페이지 클릭...
2021-06-14 17:39:43,007 - movie_logger - INFO - 다음 페이지 클릭...
2021-06-14 17:39:45,791 - movie_logger - INFO - 다음 페이지 클릭...
2021-06-14 17:39:48,672 - movie_logger - INFO - 다음 페이지 클릭...
2021-06-14 17:39:51,477 - movie_logger - INFO - 다음 페이지 클릭...
2021-06-14 17:39:54,279 - movie_logger - INFO - 다음 페이지 클릭...
2021-06-14 17:39:57,122 - movie_logger - INFO - 다음 페이지 클릭...
2021-06-14 17:39:59,940 - movie_logger - INFO - 다음 페이지 클릭...
2021-06-14 17:40:02,783 - movie_logger - INFO - 다음 페이지 클릭...
2021-06-14 17:40:05,641 - movie_logger - INFO - 다음 페이지 클릭...
2021-06-14 17:40:08,513 - movie_logger - INFO - 다음 페이지 클릭...
2021-06-14 17:40:11,381 - movie_logger - INFO - 다음 페이지 클릭...
2021-06-14 17:40:14,280 - movie_logger - INFO - 다음 페이지 클릭...
2021-06-14 17:40:17,261 - movie_logger - INFO - 다음 페이지 클릭...
2021-06-14 17:40:20,140 - movie_logger - INFO - 다음 페이지 클릭...
2021-06-14 17:40:23,055 - movie_logger - INFO - 다음 페이지 클릭...
2021-06-14 17:40:26,350 - movie_logger - INFO - 다음 페이지 클릭...
2021-06-14 17:40:29,246 - movie_logger - INFO - 다음 페이지 클릭...
2021-06-14 17:40:32,162 - movie_logger - INFO - 다음 페이지 클릭...
2021-06-14 17:40:35,226 - movie_logger - INFO - 다음 페이지 클릭...
2021-06-14 17:40:38,106 - movie_logger - INFO - 다음 페이지 클릭...
2021-06-14 17:40:40,993 - movie_logger - INFO - 다음 페이지 클릭...
2021-06-14 17:40:43,905 - movie_logger - INFO - 다음 페이지 클릭...
2021-06-14 17:40:46,271 - movie_logger - INFO - 다음 페이지 클릭...
2021-06-14 17:40:46,925 - movie_logger - INFO - 다음 페이지 클릭...
2021-06-14 17:40:47,577 - movie_logger - INFO - 다음 페이지 클릭...
2021-06-14 17:40:48,232 - movie_logger - INFO - 다음 페이지 클릭...
2021-06-14 17:40:48,857 - movie_logger - INFO - 다음 페이지 클릭...
2021-06-14 17:40:49,624 - movie_logger - INFO - 다음 페이지 클릭...
2021-06-14 17:40:50,269 - movie_logger - INFO - 다음 페이지 클릭...
2021-06-14 17:40:50,920 - movie_logger - INFO - 다음 페이지 클릭...
2021-06-14 17:40:51,585 - movie_logger - INFO - 다음 페이지 클릭...
2021-06-14 17:40:52,225 - movie_logger - INFO - 다음 페이지 클릭...
2021-06-14 17:40:52,866 - movie_logger - INFO - 다음 페이지 클릭...
2021-06-14 17:40:53,517 - movie_logger - INFO - 다음 페이지 클릭...
2021-06-14 17:40:54,209 - movie_logger - INFO - 다음 페이지 클릭...
2021-06-14 17:40:54,905 - movie_logger - INFO - 다음 페이지 클릭...
2021-06-14 17:40:55,599 - movie_logger - INFO - 다음 페이지 클릭...
2021-06-14 17:40:56,414 - movie_logger - INFO - 다음 페이지 클릭...
2021-06-14 17:40:57,079 - movie_logger - INFO - 다음 페이지 클릭...
2021-06-14 17:40:57,751 - movie_logger - INFO - 다음 페이지 클릭...
2021-06-14 17:40:58,446 - movie_logger - INFO - 다음 페이지 클릭...
2021-06-14 17:40:59,142 - movie_logger - INFO - 다음 페이지 클릭...
2021-06-14 17:40:59,827 - movie_logger - INFO - 다음 페이지 클릭...
2021-06-14 17:41:00,508 - movie_logger - INFO - 다음 페이지 클릭...
2021-06-14 17:41:01,259 - movie_logger - INFO - 다음 페이지 클릭...
2021-06-14 17:41:02,051 - movie_logger - INFO - 다음 페이지 클릭...
2021-06-14 17:41:03,141 - movie_logger - INFO - 다음 페이지 클릭...
2021-06-14 17:41:04,148 - movie_logger - INFO - 다음 페이지 클릭...
2021-06-14 17:41:05,337 - movie_logger - INFO - 다음 페이지 클릭...
2021-06-14 17:41:06,614 - movie_logger - INFO - 다음 페이지 클릭...
2021-06-14 17:41:07,868 - movie_logger - INFO - 다음 페이지 클릭...
2021-06-14 17:41:08,917 - movie_logger - INFO - 다음 페이지 클릭...
2021-06-14 17:41:09,961 - movie_logger - INFO - 다음 페이지 클릭...
2021-06-14 17:41:10,902 - movie_logger - INFO - 다음 페이지 클릭...
2021-06-14 17:41:11,949 - movie_logger - INFO - 다음 페이지 클릭...
2021-06-14 17:41:13,168 - movie_logger - INFO - 다음 페이지 클릭...
2021-06-14 17:41:14,340 - movie_logger - INFO - 다음 페이지 클릭...
2021-06-14 17:41:15,409 - movie_logger - INFO - 다음 페이지 클릭...
2021-06-14 17:41:16,556 - movie_logger - INFO - 다음 페이지 클릭...
2021-06-14 17:41:17,746 - movie_logger - INFO - 다음 페이지 클릭...
